                          CONFORMAL (R)
                   Version 24.10-p100 (30-May-2024) (64 bit executable)
   Copyright (c) Cadence Design Systems, Inc., 1997-2024. All Rights Reserved


This program is proprietary and confidential information belonging to
Cadence Design Systems, Inc., and may be used and disclosed only as authorized
in a license agreement controlling such use and disclosure.

// Warning: This version is 566 days old. You can download the latest version from http://downloads.cadence.com.

// Command: read library ../lib/slow_vdd1v0_basiccells.v -verilog -both
// Parsing file ../lib/slow_vdd1v0_basiccells.v ...
// Warning: (RTL14.1) Fanout load of the signal is removed (occurrence:56)
// Warning: (VLG5.5) Internal primitive is recognized (occurrence:120)
// Warning: (VLG5.6) Named port association is ignored for primitive gate (occurrence:120)
// Warning: (IGN7.1) trireg net is modeled as a latch to hold value (occurrence:1)
// Warning: (HRC1.4) Module/entity is empty (blackboxed) (occurrence:1)
// Note: (HRC3.5b) Open output port connection is detected (occurrence:80)
// Warning: (HRC3.10b) An input port is declared, but it is not used. Module is empty (occurrence:1)
// Note: Read VERILOG library successfully
// Command: read design ../rtl/opdiv_correct.sv -sv -golden
// Parsing file ../rtl/opdiv_correct.sv ...
// Golden root module is set to 'opdiv'
// Warning: (RTL1.2) Variable/signal is assigned by multiple non-blocking assignments (occurrence:3)
// Warning: (RTL1.5a) Assignment with RHS bit width is greater than LHS bit width (occurrence:5)
// Warning: (RTL1.5b) Potential loss of RHS msb or carry-out bit (occurrence:5)
// Note: (RTL5.5a) Default case item with non-X assignment(s) (occurrence:14)
// Note: (RTL5.7) Default case item with inconsistent assignment(s). (occurrence:1)
// Warning: (RTL6.1) X created due to the assignment of value X (occurrence:2)
// Warning: (RTL7.3) Array index in RHS might be out of range (occurrence:2)
// Warning: (RTL7.4) Array index in LHS might be out of range (occurrence:2)
// Warning: (RTL7.10d) Comparison with positive constant of different signedness (occurrence:3)
// Warning: (RTL7.11a) Implicit unsigned expression is converted to signed (occurrence:8)
// Warning: (RTL7.11b) Unsigned reference with index/part selection to a signed variable (occurrence:44)
// Warning: (RTL14.1) Fanout load of the signal is removed (occurrence:5)
// Note: (VLG2.2a) Non-binary case item is used in casex statement (occurrence:31)
// Warning: (HRC3.16) A wire is declared, but not used in the module (occurrence:1)
// Note: Read VERILOG design successfully
// Command: read design ../synthesis/outputs/opdiv_correct_netlist.v -verilog -revised
// Parsing file ../synthesis/outputs/opdiv_correct_netlist.v ...
// Revised root module is set to 'opdiv'
// Warning: (RTL2.5) Net is referenced without an assignment. Design verification will be based on set_undriven_signal setting (occurrence:1)
// Warning: (RTL2.13) Undriven pin is detected (occurrence:6)
// Warning: (RTL14) Signal has input but it has no output (occurrence:1)
// Warning: (RTL14.1) Fanout load of the signal is removed (occurrence:5)
// Warning: (HRC3.10a) An input port is declared, but it is not completely used in the module (occurrence:1)
// Warning: There are 6 undriven nets in Revised
// Warning: There are 6 undriven pins in Revised
// Note: Read VERILOG design successfully
// Command: set flatten model -seq_constant
// Command: set undriven signal 0
// Command: set system mode setup
// Command: set compare effort high
// Command: set ignore case default
// Error: Unknown command set ignore case default.
// Command: set system mode lec
// Processing Golden ...
// Modeling Golden ...
// Warning: (F34) Converted 66 X assignment(s) as don't care(s)
// Processing Revised ...
// Modeling Revised ...
// Balanced modeling (auto) mapped 284 out of 288 DFF/DLATs
// Warning: Undriven signals are tied to ZERO
// (F65.1) Tied 7 undriven signal(s) to ZERO
// Warning: Golden and Revised have different numbers of key points:
// Golden  key points = 281
// Revised key points = 277
// Mapping key points ...
// Warning: Golden has 3 unmapped key points
================================================================================
Mapped points: SYSTEM class
--------------------------------------------------------------------------------
Mapped points     PI     PO     DFF       Total   
--------------------------------------------------------------------------------
Golden            69     66     142       277     
--------------------------------------------------------------------------------
Revised           69     66     142       277     
================================================================================
Unmapped points:
================================================================================
Golden:
--------------------------------------------------------------------------------
Unmapped points   DFF       Total   
--------------------------------------------------------------------------------
Unreachable       1         1       
Not-mapped        3         3       
================================================================================
// Warning: Key point mapping is incomplete
// Command: remove compared point -all
// Error: This command is not allowed in current system mode.
// Command: set system mode setup
// Command: remove compared point -all
// Warning: Cannot find instance 'compared' in module 'counter_bit' in Golden.
// Warning: Cannot find instance 'point' in module 'counter_bit' in Golden.
// Note: No instance found in Golden module 'counter_bit'
// Warning: Cannot find instance 'compared' in module 'opdiv' in Golden.
// Warning: Cannot find instance 'point' in module 'opdiv' in Golden.
// Note: No instance found in Golden module 'opdiv'
// Warning: Cannot find instance 'compared' in module 'VDW_SUB_33_1_0' in Golden.
// Warning: Cannot find instance 'point' in module 'VDW_SUB_33_1_0' in Golden.
// Note: No instance found in Golden module 'VDW_SUB_33_1_0'
// Command: set system mode lec
// Processing Golden ...
// Modeling Golden ...
// Warning: (F34) Converted 66 X assignment(s) as don't care(s)
// Processing Revised ...
// Modeling Revised ...
// Balanced modeling (auto) mapped 284 out of 288 DFF/DLATs
// (F18) Converted 2 DFF/DLAT(s) in (G) to ZERO/ONE
// Warning: Undriven signals are tied to ZERO
// (F65.1) Tied 7 undriven signal(s) to ZERO
// Warning: Golden and Revised have different numbers of key points:
// Golden  key points = 281
// Revised key points = 277
// Mapping key points ...
// Warning: Golden has 1 unmapped key points
================================================================================
Mapped points: SYSTEM class
--------------------------------------------------------------------------------
Mapped points     PI     PO     DFF       Total   
--------------------------------------------------------------------------------
Golden            69     66     142       277     
--------------------------------------------------------------------------------
Revised           69     66     142       277     
================================================================================
Unmapped points:
================================================================================
Golden:
--------------------------------------------------------------------------------
Unmapped points   DFF       Total   
--------------------------------------------------------------------------------
Unreachable       3         3       
Not-mapped        1         1       
================================================================================
// Warning: Key point mapping is incomplete
// Command: add compared point -po
// Error: Unknown option -po.
// Command: set system mode lec
// Command: add compared point -po
// Error: Unknown option -po.
// Command: compare
// Nothing to compare. 'Add compared points' first.
// Command: set system mode lec
// Command: set system mode setup
// Command: add compared point -po
// Error: This command is not allowed in current system mode.
// Command: set system mode lec
// Command: add compared point -po
// Error: Unknown option -po.
// Command: add compared point -op
// Error: Unknown option -op.
// Command: add compared point -oi
// Error: Unknown option -oi.
// Command: add compared point -io
// Error: Unknown option -io.
// Command: exit
