============================================================
  Generated by:           Genus(TM) Synthesis Solution 21.19-s055_1
  Generated on:           Dec 13 2025  09:57:06 pm
  Module:                 opdiv
  Operating conditions:   PVT_0P9V_125C (balanced_tree)
  Wireload mode:          enclosed
  Area mode:              timing library
============================================================

Timing
--------

Clock  Period 
--------------
clock 10000.0 


  Cost    Critical         Violating 
 Group   Path Slack  TNS     Paths   
-------------------------------------
clock        2413.4   0.0          0 
default    No paths   0.0            
-------------------------------------
Total                 0.0          0 

Instance Count
--------------
Leaf Instance Count             1187 
Physical Instance count            0 
Sequential Instance Count        142 
Combinational Instance Count    1045 
Hierarchical Instance Count        1 

Area
----
Cell Area                          2792.840
Physical Cell Area                 0.000
Total Cell Area (Cell+Physical)    2792.840
Net Area                           0.000
Total Area (Cell+Physical+Net)     2792.840

Max Fanout                         142 (clock)
Min Fanout                         0 (qbits[6])
Average Fanout                     2.5
Terms to net ratio                 3.5146
Terms to instance ratio            4.0447
Runtime                            21.070195000000002 seconds
Elapsed Runtime                    190 seconds
Genus peak memory usage            1584.04 
Innovus peak memory usage          no_value 
Hostname                           VT0138
