============================================================
  Generated by:           Genus(TM) Synthesis Solution 21.19-s055_1
  Generated on:           Dec 13 2025  09:56:30 pm
  Module:                 opdiv
  Operating conditions:   PVT_0P9V_125C (balanced_tree)
  Wireload mode:          enclosed
  Area mode:              timing library
============================================================


Path 1: MET (2413 ps) Late External Delay Assertion at pin r[31]
          Group: clock
     Startpoint: (R) minuend_reg[0]/CK
          Clock: (R) clock
       Endpoint: (F) r[31]
          Clock: (R) clock

                     Capture       Launch     
        Clock Edge:+   10000            0     
       Src Latency:+       0            0     
       Net Latency:+       0 (I)        0 (I) 
           Arrival:=   10000            0     
                                              
      Output Delay:-    1000                  
       Uncertainty:-      10                  
     Required Time:=    8990                  
      Launch Clock:-       0                  
         Data Path:-    6577                  
             Slack:=    2413                  

Exceptions/Constraints:
  output_delay             1000            constraints_top.sdc_line_57_162_1 

#----------------------------------------------------------------------------------------------------------------
#             Timing Point               Flags    Arc   Edge   Cell     Fanout Load Trans Delay Arrival Instance 
#                                                                              (fF)  (ps)  (ps)   (ps)  Location 
#----------------------------------------------------------------------------------------------------------------
  minuend_reg[0]/CK                      -       -      R     (arrival)    142    -   100     0       0    (-,-) 
  minuend_reg[0]/Q                       -       CK->Q  R     DFFRHQX1       3  0.8    31   288     288    (-,-) 
  sub_337_34_g912__1617/Y                -       AN->Y  R     NAND2BX1       2  1.0    42    78     366    (-,-) 
  sub_337_34_g909__5526/CO               -       CI->CO R     ADDFX1         1  0.6    39   188     553    (-,-) 
  sub_337_34_g908__8428/CO               -       CI->CO R     ADDFX1         1  0.6    39   186     739    (-,-) 
  sub_337_34_g907__4319/CO               -       CI->CO R     ADDFX1         1  0.6    39   186     925    (-,-) 
  sub_337_34_g906__6260/CO               -       CI->CO R     ADDFX1         1  0.6    39   186    1111    (-,-) 
  sub_337_34_g905__5107/CO               -       CI->CO R     ADDFX1         1  0.6    39   186    1297    (-,-) 
  sub_337_34_g904__2398/CO               -       CI->CO R     ADDFX1         1  0.6    39   186    1483    (-,-) 
  sub_337_34_g903__5477/CO               -       CI->CO R     ADDFX1         1  0.6    39   186    1669    (-,-) 
  sub_337_34_g902__6417/CO               -       CI->CO R     ADDFX1         1  0.6    39   186    1855    (-,-) 
  sub_337_34_g901__7410/CO               -       CI->CO R     ADDFX1         1  0.6    39   186    2041    (-,-) 
  sub_337_34_g900__1666/CO               -       CI->CO R     ADDFX1         1  0.6    39   186    2227    (-,-) 
  sub_337_34_g899__2346/CO               -       CI->CO R     ADDFX1         1  0.6    39   186    2413    (-,-) 
  sub_337_34_g898__2883/CO               -       CI->CO R     ADDFX1         1  0.6    39   186    2599    (-,-) 
  sub_337_34_g897__9945/CO               -       CI->CO R     ADDFX1         1  0.6    39   186    2785    (-,-) 
  sub_337_34_g896__9315/CO               -       CI->CO R     ADDFX1         1  0.6    39   186    2971    (-,-) 
  sub_337_34_g895__6161/CO               -       CI->CO R     ADDFX1         1  0.6    39   186    3157    (-,-) 
  sub_337_34_g894__4733/CO               -       CI->CO R     ADDFX1         1  0.6    39   186    3343    (-,-) 
  sub_337_34_g893__7482/CO               -       CI->CO R     ADDFX1         1  0.6    39   186    3529    (-,-) 
  sub_337_34_g892__5115/CO               -       CI->CO R     ADDFX1         1  0.6    39   186    3715    (-,-) 
  sub_337_34_g891__1881/CO               -       CI->CO R     ADDFX1         1  0.6    39   186    3901    (-,-) 
  sub_337_34_g890__6131/CO               -       CI->CO R     ADDFX1         1  0.6    39   186    4087    (-,-) 
  sub_337_34_g889__7098/CO               -       CI->CO R     ADDFX1         1  0.6    39   186    4273    (-,-) 
  sub_337_34_g888__8246/CO               -       CI->CO R     ADDFX1         1  0.6    39   186    4459    (-,-) 
  sub_337_34_g887__5122/CO               -       CI->CO R     ADDFX1         1  0.6    39   186    4645    (-,-) 
  sub_337_34_g886__1705/CO               -       CI->CO R     ADDFX1         1  0.6    39   186    4831    (-,-) 
  sub_337_34_g885__2802/CO               -       CI->CO R     ADDFX1         1  0.6    39   186    5017    (-,-) 
  sub_337_34_g884__1617/CO               -       CI->CO R     ADDFX1         1  0.6    39   186    5203    (-,-) 
  sub_337_34_g883__3680/CO               -       CI->CO R     ADDFX1         1  0.6    39   186    5389    (-,-) 
  sub_337_34_g882__6783/CO               -       CI->CO R     ADDFX1         1  0.6    39   186    5575    (-,-) 
  sub_337_34_g881__5526/CO               -       CI->CO R     ADDFX1         1  0.6    39   186    5761    (-,-) 
  sub_337_34_g880__8428/S                -       CI->S  F     ADDFX1         3  0.8    47   273    6034    (-,-) 
  g12557__6417/Y                         -       A->Y   F     MX2XL          2  0.8    53   145    6179    (-,-) 
  SUB_UNS_OP6_Y_SUB_UNS_OP5_g502__2883/Y -       A->Y   R     NOR2X1         2  0.8    63    78    6258    (-,-) 
  SUB_UNS_OP6_Y_SUB_UNS_OP5_g500__9315/Y -       B->Y   F     XNOR2X1        1  0.3    26   141    6399    (-,-) 
  g12508__7482/Y                         -       C1->Y  R     AOI222X1       1  0.2   123    86    6485    (-,-) 
  g12507/Y                               -       A->Y   F     INVXL          1  0.0    29    92    6577    (-,-) 
  r[31]                                  <<<     -      F     (port)         -    -     -     0    6577    (-,-) 
#----------------------------------------------------------------------------------------------------------------

