============================================================
  Generated by:           Genus(TM) Synthesis Solution 21.19-s055_1
  Generated on:           Dec 02 2025  04:47:38 pm
  Module:                 opdiv
  Operating conditions:   PVT_0P9V_125C (balanced_tree)
  Wireload mode:          enclosed
  Area mode:              timing library
============================================================

Timing
-------
  Cost    Critical         Violating 
 Group   Path Slack  TNS     Paths   
-------------------------------------
default    No paths   0.0            
-------------------------------------
Total                 0.0          0 

Instance Count
--------------
Leaf Instance Count             1433 
Physical Instance count            0 
Sequential Instance Count        142 
Combinational Instance Count    1291 
Hierarchical Instance Count        1 

Area
----
Cell Area                          3215.826
Physical Cell Area                 0.000
Total Cell Area (Cell+Physical)    3215.826
Net Area                           0.000
Total Area (Cell+Physical+Net)     3215.826

Max Fanout                         142 (clock)
Min Fanout                         0 (inst0Count/A[0])
Average Fanout                     2.4
Terms to net ratio                 3.3950
Terms to instance ratio            3.8807
Runtime                            23.74622200000001 seconds
Elapsed Runtime                    152 seconds
Genus peak memory usage            1571.14 
Innovus peak memory usage          no_value 
Hostname                           VT0138
