Cadence Genus(TM) Synthesis Solution.
Copyright 2024 Cadence Design Systems, Inc. All rights reserved worldwide.
Cadence and the Cadence logo are registered trademarks and Genus is a trademark
of Cadence Design Systems, Inc. in the United States and other countries.

[19:23:46.518602] Configured Lic search path (21.01-s002): 5280@melicense.embedded.ufcg.edu.br:2718@10.75.13.24

Version: 21.19-s055_1, built Wed May 29 12:33:07 PDT 2024
Options: -files genus_script_.tcl -log log 
Date:    Mon Dec 15 19:23:46 2025
Host:    VT0138 (x86_64 w/Linux 4.18.0-553.47.1.el8_10.x86_64) (24cores*32cpus*1physical cpu*Intel(R) Core(TM) i9-14900F 36864KB) (65503084KB)
PID:     1162728
OS:      Rocky Linux release 8.10 (Green Obsidian)


[19:23:46.366985] Periodic Lic check successful
[19:23:46.366985] Feature usage summary:
[19:23:46.366985] Genus_Synthesis
Checking out license: Genus_Synthesis


***********************************************************************************************************
***********************************************************************************************************



Loading tool scripts...
Finished loading tool scripts (4 seconds elapsed).

#@ Processing -files option
@genus 1> source genus_script_.tcl
File 'genus_script_.tcl' does not exist.
Encountered problems processing file: genus_script_.tcl
WARNING: This version of the tool is 565 days old.
@genus:root: 2> exit

Lic Summary:
[19:24:31.043435] Cdslmd servers: melicense
[19:24:31.043441] Feature usage summary:
[19:24:31.043441] Genus_Synthesis

Normal exit.